0 info it worked if it ends with ok
1 verbose cli [ 'C:\\Program Files\\nodejs\\node.exe',
1 verbose cli   'C:\\Users\\Administrator\\AppData\\Roaming\\npm\\node_modules\\npm\\bin\\npm-cli.js',
1 verbose cli   'run',
1 verbose cli   'flow' ]
2 info using npm@4.0.5
3 info using node@v6.10.0
4 verbose run-script [ 'preflow', 'flow', 'postflow' ]
5 info lifecycle pages@1.0.0~preflow: pages@1.0.0
6 silly lifecycle pages@1.0.0~preflow: no script for preflow, continuing
7 info lifecycle pages@1.0.0~flow: pages@1.0.0
8 verbose lifecycle pages@1.0.0~flow: unsafe-perm in lifecycle true
9 verbose lifecycle pages@1.0.0~flow: PATH: C:\Users\Administrator\AppData\Roaming\npm\node_modules\npm\bin\node-gyp-bin;D:\NodeJsProjectWorkMenu\pageStorage\node_modules\.bin;C:\Users\Administrator\bin;D:\Program Files\Git\mingw64\bin;D:\Program Files\Git\usr\local\bin;D:\Program Files\Git\usr\bin;D:\Program Files\Git\usr\bin;D:\Program Files\Git\mingw64\bin;D:\Program Files\Git\usr\bin;C:\Users\Administrator\bin;C:\Program Files\Java\jdk1.7.0_79\bin;C:\Program Files\Java\jre7\bin;C:\Windows\system32;C:\Windows;C:\Windows\System32\Wbem;C:\Windows\System32\WindowsPowerShell\v1.0;C:\Program Files (x86)\NVIDIA Corporation\PhysX\CommonC;D:\Program Files\Git\Program Files\Java\jdk1.7.0_79\bin;C:\Program Files\Java\jdk1.7.0_79\jre\bin;D:\mariadb-10.1.16-winx64\mariadb-10.1.16-winx64\bin;D:\Program Files\mysql-5.6.24-winx64bin;D:\Program Files\Git\cmd;C:\Program Files\nodejs;D:\Program Files\mysql-5.6.24-winx64\bin;D:\Program Files\apache-maven-3.5.0\bin;%MAVEN_HOME%\bin;D:\Program Files\apache-tomcat-8.5.5\lib;D:\Program Files\apache-tomcat-8.5.5\bin;C:\Program Files\TortoiseSVN\bin;C:\WINDOWS\system32;C:\WINDOWS;C:\WINDOWS\System32\Wbem;C:\WINDOWS\System32\WindowsPowerShell\v1.0;E:\白鹭\Egret Wing 3\bin;C;D:\Users\Administrator\AppData\Roaming\npm;D:\Program Files\Git\cmd;C:\Users\Administrator\AppData\Roaming\npm;C:\Users\Administrator\AppData\Local\GitHubDesktop\bin;%USERPROFILE%\AppData\Local\Microsoft\WindowsApps;D:\Program Files\Git\usr\bin\vendor_perl;D:\Program Files\Git\usr\bin\core_perl
10 verbose lifecycle pages@1.0.0~flow: CWD: D:\NodeJsProjectWorkMenu\pageStorage
11 silly lifecycle pages@1.0.0~flow: Args: [ '/d /s /c', 'flow' ]
12 silly lifecycle pages@1.0.0~flow: Returned: code: 2  signal: null
13 info lifecycle pages@1.0.0~flow: Failed to exec flow script
14 verbose stack Error: pages@1.0.0 flow: `flow`
14 verbose stack Exit status 2
14 verbose stack     at EventEmitter.<anonymous> (C:\Users\Administrator\AppData\Roaming\npm\node_modules\npm\lib\utils\lifecycle.js:279:16)
14 verbose stack     at emitTwo (events.js:106:13)
14 verbose stack     at EventEmitter.emit (events.js:191:7)
14 verbose stack     at ChildProcess.<anonymous> (C:\Users\Administrator\AppData\Roaming\npm\node_modules\npm\lib\utils\spawn.js:40:14)
14 verbose stack     at emitTwo (events.js:106:13)
14 verbose stack     at ChildProcess.emit (events.js:191:7)
14 verbose stack     at maybeClose (internal/child_process.js:877:16)
14 verbose stack     at Process.ChildProcess._handle.onexit (internal/child_process.js:226:5)
15 verbose pkgid pages@1.0.0
16 verbose cwd D:\NodeJsProjectWorkMenu\pageStorage
17 error Windows_NT 10.0.16299
18 error argv "C:\\Program Files\\nodejs\\node.exe" "C:\\Users\\Administrator\\AppData\\Roaming\\npm\\node_modules\\npm\\bin\\npm-cli.js" "run" "flow"
19 error node v6.10.0
20 error npm  v4.0.5
21 error code ELIFECYCLE
22 error pages@1.0.0 flow: `flow`
22 error Exit status 2
23 error Failed at the pages@1.0.0 flow script 'flow'.
23 error Make sure you have the latest version of node.js and npm installed.
23 error If you do, this is most likely a problem with the pages package,
23 error not with npm itself.
23 error Tell the author that this fails on your system:
23 error     flow
23 error You can get information on how to open an issue for this project with:
23 error     npm bugs pages
23 error Or if that isn't available, you can get their info via:
23 error     npm owner ls pages
23 error There is likely additional logging output above.
24 verbose exit [ 1, true ]
